<?xml version="1.0" encoding="UTF-8"?>
<testsuite xmlns:xsi="http://www.w3.org/2001/XMLSchema-instance" xsi:noNamespaceSchemaLocation="https://maven.apache.org/surefire/maven-surefire-plugin/xsd/surefire-test-report.xsd" name="smb.TestMybatis" time="0.28" tests="5" errors="0" skipped="0" failures="0">
  <properties>
[...]
</properties>
  <testcase name="addUser" classname="smb.TestMybatis" time="0.049"/>
  <testcase name="searchById" classname="smb.TestMybatis" time="0.049"/>
  <testcase name="updateUser" classname="smb.TestMybatis" time="0.056"/>
  <testcase name="searchByUsername" classname="smb.TestMybatis" time="0.071"/>
  <testcase name="deleteById" classname="smb.TestMybatis" time="0.054"/>
</testsuite>